<?xml version="1.0" encoding="UTF-8"?>
<coverage generated="1670573762303" clover="3.2.0">
  <project timestamp="1670573762304" name="All files">
    <metrics statements="13" coveredstatements="12" conditionals="6" coveredconditionals="6" methods="5" coveredmethods="4" elements="24" coveredelements="22" complexity="0" loc="13" ncloc="13" packages="1" files="4" classes="4"/>
    <file name="input.js" path="C:\Users\m6353\Desktop\Github\Learn-Jest-Unit-Testing-\input.js">
      <metrics statements="6" coveredstatements="6" conditionals="6" coveredconditionals="6" methods="1" coveredmethods="1"/>
      <line num="2" count="2" type="cond" truecount="2" falsecount="0"/>
      <line num="3" count="1" type="stmt"/>
      <line num="5" count="2" type="cond" truecount="4" falsecount="0"/>
      <line num="6" count="1" type="stmt"/>
      <line num="8" count="2" type="stmt"/>
      <line num="10" count="1" type="stmt"/>
    </file>
    <file name="mock.js" path="C:\Users\m6353\Desktop\Github\Learn-Jest-Unit-Testing-\mock.js">
      <metrics statements="2" coveredstatements="1" conditionals="0" coveredconditionals="0" methods="1" coveredmethods="0"/>
      <line num="2" count="0" type="stmt"/>
      <line num="4" count="1" type="stmt"/>
    </file>
    <file name="say.js" path="C:\Users\m6353\Desktop\Github\Learn-Jest-Unit-Testing-\say.js">
      <metrics statements="2" coveredstatements="2" conditionals="0" coveredconditionals="0" methods="1" coveredmethods="1"/>
      <line num="2" count="1" type="stmt"/>
      <line num="4" count="1" type="stmt"/>
    </file>
    <file name="sum.js" path="C:\Users\m6353\Desktop\Github\Learn-Jest-Unit-Testing-\sum.js">
      <metrics statements="3" coveredstatements="3" conditionals="0" coveredconditionals="0" methods="2" coveredmethods="2"/>
      <line num="3" count="5" type="stmt"/>
      <line num="4" count="10" type="stmt"/>
      <line num="7" count="1" type="stmt"/>
    </file>
  </project>
</coverage>
