TN:
SF:input.js
FN:1,filterName
FNF:1
FNH:1
FNDA:2,filterName
DA:2,2
DA:3,1
DA:5,2
DA:6,1
DA:8,2
DA:10,1
LF:6
LH:6
BRDA:2,0,0,1
BRDA:2,0,1,1
BRDA:5,1,0,1
BRDA:5,1,1,1
BRDA:5,2,0,2
BRDA:5,2,1,1
BRF:6
BRH:6
end_of_record
TN:
SF:mock.js
FN:1,sayHello
FNF:1
FNH:0
FNDA:0,sayHello
DA:2,0
DA:4,1
LF:2
LH:1
BRF:0
BRH:0
end_of_record
TN:
SF:say.js
FN:1,sayHello
FNF:1
FNH:1
FNDA:1,sayHello
DA:2,1
DA:4,1
LF:2
LH:2
BRF:0
BRH:0
end_of_record
TN:
SF:sum.js
FN:1,sumNums
FN:3,(anonymous_1)
FNF:2
FNH:2
FNDA:5,sumNums
FNDA:10,(anonymous_1)
DA:3,5
DA:4,10
DA:7,1
LF:3
LH:3
BRF:0
BRH:0
end_of_record
